\BOOKMARK [1][-]{section.1}{1 Introduction}{}% 1
\BOOKMARK [1][-]{section.2}{2 Fundamental Algebra}{}% 2
\BOOKMARK [2][-]{subsection.2.1}{2.1 Matrix Classes}{section.2}% 3
\BOOKMARK [3][-]{subsubsection.2.1.1}{2.1.1 Rotation Matrix}{subsection.2.1}% 4
\BOOKMARK [3][-]{subsubsection.2.1.2}{2.1.2 Matrix Derivatives}{subsection.2.1}% 5
\BOOKMARK [3][-]{subsubsection.2.1.3}{2.1.3 Jacobian}{subsection.2.1}% 6
\BOOKMARK [3][-]{subsubsection.2.1.4}{2.1.4 Hessian}{subsection.2.1}% 7
\BOOKMARK [3][-]{subsubsection.2.1.5}{2.1.5 Eigendecomposition}{subsection.2.1}% 8
\BOOKMARK [1][-]{section.3}{3 Fundamental Analysis}{}% 9
\BOOKMARK [1][-]{section.4}{4 Fundamental Optimization}{}% 10
\BOOKMARK [1][-]{section.5}{5 Fundamental Probability}{}% 11
\BOOKMARK [1][-]{section.6}{6 Fundamental Dynamic Programming}{}% 12
\BOOKMARK [2][-]{subsection.6.1}{6.1 Graph Search Algorithms}{section.6}% 13
\BOOKMARK [3][-]{subsubsection.6.1.1}{6.1.1 RRT}{subsection.6.1}% 14
\BOOKMARK [3][-]{subsubsection.6.1.2}{6.1.2 RRT*}{subsection.6.1}% 15
\BOOKMARK [3][-]{subsubsection.6.1.3}{6.1.3 A*}{subsection.6.1}% 16
\BOOKMARK [3][-]{subsubsection.6.1.4}{6.1.4 Dijkstra}{subsection.6.1}% 17
\BOOKMARK [3][-]{subsubsection.6.1.5}{6.1.5 Jump Point Search}{subsection.6.1}% 18
\BOOKMARK [1][-]{section.7}{7 Fundamental Mechanics}{}% 19
\BOOKMARK [2][-]{subsection.7.1}{7.1 Coordinate Frames}{section.7}% 20
\BOOKMARK [3][-]{subsubsection.7.1.1}{7.1.1 Inertia Frame of Reference}{subsection.7.1}% 21
\BOOKMARK [2][-]{subsection.7.2}{7.2 Sources}{section.7}% 22
\BOOKMARK [2][-]{subsection.7.3}{7.3 Definitions}{section.7}% 23
\BOOKMARK [3][-]{subsubsection.7.3.1}{7.3.1 Rigid Body Transformation}{subsection.7.3}% 24
\BOOKMARK [2][-]{subsection.7.4}{7.4 Rotation Group SO\(3\)}{section.7}% 25
\BOOKMARK [3][-]{subsubsection.7.4.1}{7.4.1 Rotation Matrices}{subsection.7.4}% 26
\BOOKMARK [3][-]{subsubsection.7.4.2}{7.4.2 Euler Angles}{subsection.7.4}% 27
\BOOKMARK [3][-]{subsubsection.7.4.3}{7.4.3 Axis Angle Parametrization}{subsection.7.4}% 28
\BOOKMARK [3][-]{subsubsection.7.4.4}{7.4.4 Quaternions}{subsection.7.4}% 29
\BOOKMARK [2][-]{subsection.7.5}{7.5 Time Derivatives of Rotations}{section.7}% 30
\BOOKMARK [2][-]{subsection.7.6}{7.6 Skew Symmetric}{section.7}% 31
\BOOKMARK [3][-]{subsubsection.7.6.1}{7.6.1 Transformation vs Displacement}{subsection.7.6}% 32
\BOOKMARK [2][-]{subsection.7.7}{7.7 Momentum}{section.7}% 33
\BOOKMARK [3][-]{subsubsection.7.7.1}{7.7.1 Linear Momentum}{subsection.7.7}% 34
\BOOKMARK [3][-]{subsubsection.7.7.2}{7.7.2 Angular Momentum}{subsection.7.7}% 35
\BOOKMARK [3][-]{subsubsection.7.7.3}{7.7.3 Rate of Change of Angular Momentum}{subsection.7.7}% 36
\BOOKMARK [2][-]{subsection.7.8}{7.8 Moment of Inertia}{section.7}% 37
\BOOKMARK [3][-]{subsubsection.7.8.1}{7.8.1 Principal Axis of Inertia}{subsection.7.8}% 38
\BOOKMARK [1][-]{section.8}{8 Fundamental Control}{}% 39
\BOOKMARK [1][-]{section.9}{9 Fundamental Machine Learning}{}% 40
\BOOKMARK [1][-]{section.10}{10 Fundamental Computer Vision}{}% 41
